<?xml version="1.0" encoding="UTF-8"?>
<!-- Generated by org.testng.reporters.JUnitXMLReporter -->
<testsuite ignored="0" hostname="AvisPC" failures="0" tests="2" name="Error Validations Test" time="17.951" errors="0" timestamp="2024-07-04T12:37:09 GST">
  <testcase classname="AutomationTesting.ErrorValidationTest" name="ProductAddedValidation" time="6.359"/>
  <testcase classname="AutomationTesting.ErrorValidationTest" name="loginPageErrorValidation" time="0.495"/>
</testsuite> <!-- Error Validations Test -->
