<?xml version="1.0" encoding="UTF-8"?>
<!-- Generated by org.testng.reporters.JUnitXMLReporter -->
<testsuite ignored="0" hostname="AvisPC" failures="0" tests="3" name="Submit Order Test" time="40.066" errors="0" timestamp="2024-07-04T12:37:31 GST">
  <testcase classname="AutomationTesting.SubmitOrderTest" name="SubmitOrder" time="12.878"/>
  <testcase classname="AutomationTesting.SubmitOrderTest" name="SubmitOrder" time="12.771"/>
  <testcase classname="AutomationTesting.SubmitOrderTest" name="OrderHistoryTest" time="0.568"/>
</testsuite> <!-- Submit Order Test -->
