<?xml version="1.0" encoding="UTF-8"?>
<!-- Generated by org.testng.reporters.JUnitXMLReporter -->
<testsuite ignored="0" hostname="AvisPC" failures="0" tests="2" name="Error Validations Test" time="17.61" errors="0" timestamp="2024-07-09T12:15:08 GST">
  <testcase classname="AutomationTesting.ErrorValidationTest" name="ProductAddedValidation" time="6.599"/>
  <testcase classname="AutomationTesting.ErrorValidationTest" name="loginPageErrorValidation" time="0.166">
    <skipped/>
  </testcase> <!-- loginPageErrorValidation -->
</testsuite> <!-- Error Validations Test -->
