<?xml version="1.0" encoding="UTF-8"?>
<testng-results ignored="0" total="0" passed="0" failed="0" skipped="0">
  <reporter-output>
  </reporter-output>
  <suite started-at="2024-07-09T12:15:09 GST" name="Suite" finished-at="2024-07-09T12:15:09 GST" duration-ms="0">
    <groups>
      <group name="ErrorHandling">
        <method signature="ErrorValidationTest.loginPageErrorValidation()[pri:0, instance:AutomationTesting.ErrorValidationTest@1e16c0aa]" name="loginPageErrorValidation" class="AutomationTesting.ErrorValidationTest"/>
      </group> <!-- ErrorHandling -->
      <group name="Purchase">
        <method signature="SubmitOrderTest.SubmitOrder(java.util.HashMap)[pri:0, instance:AutomationTesting.SubmitOrderTest@43f02ef2]" name="SubmitOrder" class="AutomationTesting.SubmitOrderTest"/>
      </group> <!-- Purchase -->
    </groups>
  </suite> <!-- Suite -->
</testng-results>
